# JRE version: OpenJDK Runtime Environment (8.0_202-b03) (build 1.8.0_202-release-1483-b03)
# Java VM: OpenJDK 64-Bit Server VM (25.202-b03 mixed mode windows-amd64 compressed oops)
Heap:
 PSYoungGen      total 150528K, used 89134K [0x00000000e0000000, 0x00000000ea400000, 0x0000000100000000)
  eden space 133120K, 55% used [0x00000000e0000000,0x00000000e48cc3e0,0x00000000e8200000)
  from space 17408K, 83% used [0x00000000e8200000,0x00000000e903f668,0x00000000e9300000)
  to   space 16384K, 0% used [0x00000000e9400000,0x00000000e9400000,0x00000000ea400000)
 ParOldGen       total 92160K, used 32264K [0x00000000a0000000, 0x00000000a5a00000, 0x00000000e0000000)
  object space 92160K, 35% used [0x00000000a0000000,0x00000000a1f823f8,0x00000000a5a00000)
 Metaspace       used 60959K, capacity 63158K, committed 63360K, reserved 1103872K
  class space    used 8235K, capacity 8719K, committed 8832K, reserved 1048576K
GC Heap History (10 events):
Event: 14.092 GC heap before
{Heap before GC invocations=18 (full 2):
 PSYoungGen      total 89088K, used 89074K [0x00000000e0000000, 0x00000000e7d80000, 0x0000000100000000)
  eden space 82432K, 100% used [0x00000000e0000000,0x00000000e5080000,0x00000000e5080000)
  from space 6656K, 99% used [0x00000000e5080000,0x00000000e56fca48,0x00000000e5700000)
  to   space 9216K, 0% used [0x00000000e7480000,0x00000000e7480000,0x00000000e7d80000)
 ParOldGen       total 55296K, used 20631K [0x00000000a0000000, 0x00000000a3600000, 0x00000000e0000000)
  object space 55296K, 37% used [0x00000000a0000000,0x00000000a1425c50,0x00000000a3600000)
 Metaspace       used 49350K, capacity 50724K, committed 50816K, reserved 1093632K
  class space    used 6668K, capacity 7017K, committed 7040K, reserved 1048576K
Event: 14.144 GC heap after
Heap after GC invocations=18 (full 2):
 PSYoungGen      total 116736K, used 9212K [0x00000000e0000000, 0x00000000e8600000, 0x0000000100000000)
  eden space 107520K, 0% used [0x00000000e0000000,0x00000000e0000000,0x00000000e6900000)
  from space 9216K, 99% used [0x00000000e7480000,0x00000000e7d7f320,0x00000000e7d80000)
  to   space 11776K, 0% used [0x00000000e6900000,0x00000000e6900000,0x00000000e7480000)
 ParOldGen       total 55296K, used 25408K [0x00000000a0000000, 0x00000000a3600000, 0x00000000e0000000)
  object space 55296K, 45% used [0x00000000a0000000,0x00000000a18d0128,0x00000000a3600000)
 Metaspace       used 49350K, capacity 50724K, committed 50816K, reserved 1093632K
  class space    used 6668K, capacity 7017K, committed 7040K, reserved 1048576K
}
Event: 15.656 GC heap before
{Heap before GC invocations=19 (full 2):
 PSYoungGen      total 116736K, used 116732K [0x00000000e0000000, 0x00000000e8600000, 0x0000000100000000)
  eden space 107520K, 100% used [0x00000000e0000000,0x00000000e6900000,0x00000000e6900000)
  from space 9216K, 99% used [0x00000000e7480000,0x00000000e7d7f320,0x00000000e7d80000)
  to   space 11776K, 0% used [0x00000000e6900000,0x00000000e6900000,0x00000000e7480000)
 ParOldGen       total 55296K, used 25408K [0x00000000a0000000, 0x00000000a3600000, 0x00000000e0000000)
  object space 55296K, 45% used [0x00000000a0000000,0x00000000a18d0128,0x00000000a3600000)
 Metaspace       used 56796K, capacity 58374K, committed 58624K, reserved 1099776K
  class space    used 7754K, capacity 8131K, committed 8192K, reserved 1048576K
Event: 15.738 GC heap after
Heap after GC invocations=19 (full 2):
 PSYoungGen      total 119296K, used 11759K [0x00000000e0000000, 0x00000000ea480000, 0x0000000100000000)
  eden space 107520K, 0% used [0x00000000e0000000,0x00000000e0000000,0x00000000e6900000)
  from space 11776K, 99% used [0x00000000e6900000,0x00000000e747bd78,0x00000000e7480000)
  to   space 16896K, 0% used [0x00000000e9400000,0x00000000e9400000,0x00000000ea480000)
 ParOldGen       total 55296K, used 35079K [0x00000000a0000000, 0x00000000a3600000, 0x00000000e0000000)
  object space 55296K, 63% used [0x00000000a0000000,0x00000000a2241e08,0x00000000a3600000)
 Metaspace       used 56796K, capacity 58374K, committed 58624K, reserved 1099776K
  class space    used 7754K, capacity 8131K, committed 8192K, reserved 1048576K
}
Event: 16.300 GC heap before
{Heap before GC invocations=20 (full 2):
 PSYoungGen      total 119296K, used 22270K [0x00000000e0000000, 0x00000000ea480000, 0x0000000100000000)
  eden space 107520K, 9% used [0x00000000e0000000,0x00000000e0a43b10,0x00000000e6900000)
  from space 11776K, 99% used [0x00000000e6900000,0x00000000e747bd78,0x00000000e7480000)
  to   space 16896K, 0% used [0x00000000e9400000,0x00000000e9400000,0x00000000ea480000)
 ParOldGen       total 55296K, used 35079K [0x00000000a0000000, 0x00000000a3600000, 0x00000000e0000000)
  object space 55296K, 63% used [0x00000000a0000000,0x00000000a2241e08,0x00000000a3600000)
 Metaspace       used 57373K, capacity 58928K, committed 59096K, reserved 1099776K
  class space    used 7820K, capacity 8202K, committed 8320K, reserved 1048576K
Event: 16.307 GC heap after
Heap after GC invocations=20 (full 2):
 PSYoungGen      total 149504K, used 1584K [0x00000000e0000000, 0x00000000ea400000, 0x0000000100000000)
  eden space 133120K, 0% used [0x00000000e0000000,0x00000000e0000000,0x00000000e8200000)
  from space 16384K, 9% used [0x00000000e9400000,0x00000000e958c010,0x00000000ea400000)
  to   space 17408K, 0% used [0x00000000e8200000,0x00000000e8200000,0x00000000e9300000)
 ParOldGen       total 55296K, used 41341K [0x00000000a0000000, 0x00000000a3600000, 0x00000000e0000000)
  object space 55296K, 74% used [0x00000000a0000000,0x00000000a285f4e8,0x00000000a3600000)
 Metaspace       used 57373K, capacity 58928K, committed 59096K, reserved 1099776K
  class space    used 7820K, capacity 8202K, committed 8320K, reserved 1048576K
}
Event: 16.307 GC heap before
{Heap before GC invocations=21 (full 3):
 PSYoungGen      total 149504K, used 1584K [0x00000000e0000000, 0x00000000ea400000, 0x0000000100000000)
  eden space 133120K, 0% used [0x00000000e0000000,0x00000000e0000000,0x00000000e8200000)
  from space 16384K, 9% used [0x00000000e9400000,0x00000000e958c010,0x00000000ea400000)
  to   space 17408K, 0% used [0x00000000e8200000,0x00000000e8200000,0x00000000e9300000)
 ParOldGen       total 55296K, used 41341K [0x00000000a0000000, 0x00000000a3600000, 0x00000000e0000000)
  object space 55296K, 74% used [0x00000000a0000000,0x00000000a285f4e8,0x00000000a3600000)
 Metaspace       used 57373K, capacity 58928K, committed 59096K, reserved 1099776K
  class space    used 7820K, capacity 8202K, committed 8320K, reserved 1048576K
Event: 16.803 GC heap after
Heap after GC invocations=21 (full 3):
 PSYoungGen      total 149504K, used 0K [0x00000000e0000000, 0x00000000ea400000, 0x0000000100000000)
  eden space 133120K, 0% used [0x00000000e0000000,0x00000000e0000000,0x00000000e8200000)
  from space 16384K, 0% used [0x00000000e9400000,0x00000000e9400000,0x00000000ea400000)
  to   space 17408K, 0% used [0x00000000e8200000,0x00000000e8200000,0x00000000e9300000)
 ParOldGen       total 92160K, used 32256K [0x00000000a0000000, 0x00000000a5a00000, 0x00000000e0000000)
  object space 92160K, 35% used [0x00000000a0000000,0x00000000a1f803f8,0x00000000a5a00000)
 Metaspace       used 57373K, capacity 58928K, committed 59096K, reserved 1099776K
  class space    used 7820K, capacity 8202K, committed 8320K, reserved 1048576K
}
Event: 19.839 GC heap before
{Heap before GC invocations=22 (full 3):
 PSYoungGen      total 149504K, used 133120K [0x00000000e0000000, 0x00000000ea400000, 0x0000000100000000)
  eden space 133120K, 100% used [0x00000000e0000000,0x00000000e8200000,0x00000000e8200000)
  from space 16384K, 0% used [0x00000000e9400000,0x00000000e9400000,0x00000000ea400000)
  to   space 17408K, 0% used [0x00000000e8200000,0x00000000e8200000,0x00000000e9300000)
 ParOldGen       total 92160K, used 32256K [0x00000000a0000000, 0x00000000a5a00000, 0x00000000e0000000)
  object space 92160K, 35% used [0x00000000a0000000,0x00000000a1f803f8,0x00000000a5a00000)
 Metaspace       used 60809K, capacity 63030K, committed 63360K, reserved 1103872K
  class space    used 8232K, capacity 8719K, committed 8832K, reserved 1048576K
Event: 19.946 GC heap after
Heap after GC invocations=22 (full 3):
 PSYoungGen      total 150528K, used 14589K [0x00000000e0000000, 0x00000000ea400000, 0x0000000100000000)
  eden space 133120K, 0% used [0x00000000e0000000,0x00000000e0000000,0x00000000e8200000)
  from space 17408K, 83% used [0x00000000e8200000,0x00000000e903f668,0x00000000e9300000)
  to   space 16384K, 0% used [0x00000000e9400000,0x00000000e9400000,0x00000000ea400000)
 ParOldGen       total 92160K, used 32264K [0x00000000a0000000, 0x00000000a5a00000, 0x00000000e0000000)
  object space 92160K, 35% used [0x00000000a0000000,0x00000000a1f823f8,0x00000000a5a00000)
 Metaspace       used 60809K, capacity 63030K, committed 63360K, reserved 1103872K
  class space    used 8232K, capacity 8719K, committed 8832K, reserved 1048576K
}

