# JRE version: OpenJDK Runtime Environment (8.0_202-b03) (build 1.8.0_202-release-1483-b03)
# Java VM: OpenJDK 64-Bit Server VM (25.202-b03 mixed mode windows-amd64 compressed oops)
Heap:
 PSYoungGen      total 467968K, used 337959K [0x00000000e0000000, 0x00000000ffc00000, 0x0000000100000000)
  eden space 416768K, 77% used [0x00000000e0000000,0x00000000f3ba51b8,0x00000000f9700000)
  from space 51200K, 28% used [0x00000000f9700000,0x00000000fa564b20,0x00000000fc900000)
  to   space 49664K, 0% used [0x00000000fcb80000,0x00000000fcb80000,0x00000000ffc00000)
 ParOldGen       total 156160K, used 113528K [0x00000000a0000000, 0x00000000a9880000, 0x00000000e0000000)
  object space 156160K, 72% used [0x00000000a0000000,0x00000000a6ede1b0,0x00000000a9880000)
 Metaspace       used 82428K, capacity 85572K, committed 85888K, reserved 1124352K
  class space    used 10657K, capacity 11272K, committed 11392K, reserved 1048576K
GC Heap History (10 events):
Event: 57.530 GC heap before
{Heap before GC invocations=27 (full 4):
 PSYoungGen      total 327168K, used 327155K [0x00000000e0000000, 0x00000000f8a00000, 0x0000000100000000)
  eden space 285184K, 100% used [0x00000000e0000000,0x00000000f1680000,0x00000000f1680000)
  from space 41984K, 99% used [0x00000000f4780000,0x00000000f707ce18,0x00000000f7080000)
  to   space 50176K, 0% used [0x00000000f1680000,0x00000000f1680000,0x00000000f4780000)
 ParOldGen       total 156160K, used 57041K [0x00000000a0000000, 0x00000000a9880000, 0x00000000e0000000)
  object space 156160K, 36% used [0x00000000a0000000,0x00000000a37b4708,0x00000000a9880000)
 Metaspace       used 81808K, capacity 84822K, committed 85120K, reserved 1122304K
  class space    used 10652K, capacity 11267K, committed 11392K, reserved 1048576K
Event: 57.571 GC heap after
Heap after GC invocations=27 (full 4):
 PSYoungGen      total 335360K, used 43483K [0x00000000e0000000, 0x00000000fc400000, 0x0000000100000000)
  eden space 285184K, 0% used [0x00000000e0000000,0x00000000e0000000,0x00000000f1680000)
  from space 50176K, 86% used [0x00000000f1680000,0x00000000f40f6f60,0x00000000f4780000)
  to   space 55808K, 0% used [0x00000000f8d80000,0x00000000f8d80000,0x00000000fc400000)
 ParOldGen       total 156160K, used 58918K [0x00000000a0000000, 0x00000000a9880000, 0x00000000e0000000)
  object space 156160K, 37% used [0x00000000a0000000,0x00000000a3989800,0x00000000a9880000)
 Metaspace       used 81808K, capacity 84822K, committed 85120K, reserved 1122304K
  class space    used 10652K, capacity 11267K, committed 11392K, reserved 1048576K
}
Event: 58.074 GC heap before
{Heap before GC invocations=28 (full 4):
 PSYoungGen      total 335360K, used 328667K [0x00000000e0000000, 0x00000000fc400000, 0x0000000100000000)
  eden space 285184K, 100% used [0x00000000e0000000,0x00000000f1680000,0x00000000f1680000)
  from space 50176K, 86% used [0x00000000f1680000,0x00000000f40f6f60,0x00000000f4780000)
  to   space 55808K, 0% used [0x00000000f8d80000,0x00000000f8d80000,0x00000000fc400000)
 ParOldGen       total 156160K, used 58919K [0x00000000a0000000, 0x00000000a9880000, 0x00000000e0000000)
  object space 156160K, 37% used [0x00000000a0000000,0x00000000a3989d98,0x00000000a9880000)
 Metaspace       used 82076K, capacity 85128K, committed 85376K, reserved 1124352K
  class space    used 10653K, capacity 11268K, committed 11392K, reserved 1048576K
Event: 58.121 GC heap after
Heap after GC invocations=28 (full 4):
 PSYoungGen      total 410112K, used 21731K [0x00000000e0000000, 0x00000000fc400000, 0x0000000100000000)
  eden space 354304K, 0% used [0x00000000e0000000,0x00000000e0000000,0x00000000f5a00000)
  from space 55808K, 38% used [0x00000000f8d80000,0x00000000fa2b8dc8,0x00000000fc400000)
  to   space 52736K, 0% used [0x00000000f5a00000,0x00000000f5a00000,0x00000000f8d80000)
 ParOldGen       total 156160K, used 71605K [0x00000000a0000000, 0x00000000a9880000, 0x00000000e0000000)
  object space 156160K, 45% used [0x00000000a0000000,0x00000000a45ed478,0x00000000a9880000)
 Metaspace       used 82076K, capacity 85128K, committed 85376K, reserved 1124352K
  class space    used 10653K, capacity 11268K, committed 11392K, reserved 1048576K
}
Event: 58.796 GC heap before
{Heap before GC invocations=29 (full 4):
 PSYoungGen      total 410112K, used 376035K [0x00000000e0000000, 0x00000000fc400000, 0x0000000100000000)
  eden space 354304K, 100% used [0x00000000e0000000,0x00000000f5a00000,0x00000000f5a00000)
  from space 55808K, 38% used [0x00000000f8d80000,0x00000000fa2b8dc8,0x00000000fc400000)
  to   space 52736K, 0% used [0x00000000f5a00000,0x00000000f5a00000,0x00000000f8d80000)
 ParOldGen       total 156160K, used 71605K [0x00000000a0000000, 0x00000000a9880000, 0x00000000e0000000)
  object space 156160K, 45% used [0x00000000a0000000,0x00000000a45ed478,0x00000000a9880000)
 Metaspace       used 82276K, capacity 85358K, committed 85632K, reserved 1124352K
  class space    used 10657K, capacity 11271K, committed 11392K, reserved 1048576K
Event: 58.857 GC heap after
Heap after GC invocations=29 (full 4):
 PSYoungGen      total 407040K, used 27929K [0x00000000e0000000, 0x00000000ffc00000, 0x0000000100000000)
  eden space 354304K, 0% used [0x00000000e0000000,0x00000000e0000000,0x00000000f5a00000)
  from space 52736K, 52% used [0x00000000f5a00000,0x00000000f7546770,0x00000000f8d80000)
  to   space 52224K, 0% used [0x00000000fc900000,0x00000000fc900000,0x00000000ffc00000)
 ParOldGen       total 156160K, used 84598K [0x00000000a0000000, 0x00000000a9880000, 0x00000000e0000000)
  object space 156160K, 54% used [0x00000000a0000000,0x00000000a529d988,0x00000000a9880000)
 Metaspace       used 82276K, capacity 85358K, committed 85632K, reserved 1124352K
  class space    used 10657K, capacity 11271K, committed 11392K, reserved 1048576K
}
Event: 59.436 GC heap before
{Heap before GC invocations=30 (full 4):
 PSYoungGen      total 407040K, used 382233K [0x00000000e0000000, 0x00000000ffc00000, 0x0000000100000000)
  eden space 354304K, 100% used [0x00000000e0000000,0x00000000f5a00000,0x00000000f5a00000)
  from space 52736K, 52% used [0x00000000f5a00000,0x00000000f7546770,0x00000000f8d80000)
  to   space 52224K, 0% used [0x00000000fc900000,0x00000000fc900000,0x00000000ffc00000)
 ParOldGen       total 156160K, used 84652K [0x00000000a0000000, 0x00000000a9880000, 0x00000000e0000000)
  object space 156160K, 54% used [0x00000000a0000000,0x00000000a52ab048,0x00000000a9880000)
 Metaspace       used 82371K, capacity 85430K, committed 85632K, reserved 1124352K
  class space    used 10657K, capacity 11271K, committed 11392K, reserved 1048576K
Event: 59.470 GC heap after
Heap after GC invocations=30 (full 4):
 PSYoungGen      total 468992K, used 27831K [0x00000000e0000000, 0x00000000ffd80000, 0x0000000100000000)
  eden space 416768K, 0% used [0x00000000e0000000,0x00000000e0000000,0x00000000f9700000)
  from space 52224K, 53% used [0x00000000fc900000,0x00000000fe42ddf0,0x00000000ffc00000)
  to   space 51200K, 0% used [0x00000000f9700000,0x00000000f9700000,0x00000000fc900000)
 ParOldGen       total 156160K, used 88912K [0x00000000a0000000, 0x00000000a9880000, 0x00000000e0000000)
  object space 156160K, 56% used [0x00000000a0000000,0x00000000a56d4318,0x00000000a9880000)
 Metaspace       used 82371K, capacity 85430K, committed 85632K, reserved 1124352K
  class space    used 10657K, capacity 11271K, committed 11392K, reserved 1048576K
}
Event: 60.058 GC heap before
{Heap before GC invocations=31 (full 4):
 PSYoungGen      total 468992K, used 444599K [0x00000000e0000000, 0x00000000ffd80000, 0x0000000100000000)
  eden space 416768K, 100% used [0x00000000e0000000,0x00000000f9700000,0x00000000f9700000)
  from space 52224K, 53% used [0x00000000fc900000,0x00000000fe42ddf0,0x00000000ffc00000)
  to   space 51200K, 0% used [0x00000000f9700000,0x00000000f9700000,0x00000000fc900000)
 ParOldGen       total 156160K, used 88914K [0x00000000a0000000, 0x00000000a9880000, 0x00000000e0000000)
  object space 156160K, 56% used [0x00000000a0000000,0x00000000a56d4be8,0x00000000a9880000)
 Metaspace       used 82411K, capacity 85498K, committed 85632K, reserved 1124352K
  class space    used 10657K, capacity 11271K, committed 11392K, reserved 1048576K
Event: 60.097 GC heap after
Heap after GC invocations=31 (full 4):
 PSYoungGen      total 467968K, used 14738K [0x00000000e0000000, 0x00000000ffc00000, 0x0000000100000000)
  eden space 416768K, 0% used [0x00000000e0000000,0x00000000e0000000,0x00000000f9700000)
  from space 51200K, 28% used [0x00000000f9700000,0x00000000fa564b20,0x00000000fc900000)
  to   space 49664K, 0% used [0x00000000fcb80000,0x00000000fcb80000,0x00000000ffc00000)
 ParOldGen       total 156160K, used 113528K [0x00000000a0000000, 0x00000000a9880000, 0x00000000e0000000)
  object space 156160K, 72% used [0x00000000a0000000,0x00000000a6ede1b0,0x00000000a9880000)
 Metaspace       used 82411K, capacity 85498K, committed 85632K, reserved 1124352K
  class space    used 10657K, capacity 11271K, committed 11392K, reserved 1048576K
}

