# JRE version: OpenJDK Runtime Environment (8.0_202-b03) (build 1.8.0_202-release-1483-b03)
# Java VM: OpenJDK 64-Bit Server VM (25.202-b03 mixed mode windows-amd64 compressed oops)
Heap:
 PSYoungGen      total 315904K, used 37405K [0x00000000e0000000, 0x00000000f4e80000, 0x0000000100000000)
  eden space 289280K, 5% used [0x00000000e0000000,0x00000000e0f5acc0,0x00000000f1a80000)
  from space 26624K, 81% used [0x00000000f1a80000,0x00000000f2fac920,0x00000000f3480000)
  to   space 23040K, 0% used [0x00000000f3800000,0x00000000f3800000,0x00000000f4e80000)
 ParOldGen       total 138240K, used 79493K [0x00000000a0000000, 0x00000000a8700000, 0x00000000e0000000)
  object space 138240K, 57% used [0x00000000a0000000,0x00000000a4da16e0,0x00000000a8700000)
 Metaspace       used 99816K, capacity 104676K, committed 104920K, reserved 1140736K
  class space    used 13061K, capacity 13989K, committed 14080K, reserved 1048576K
GC Heap History (10 events):
Event: 8687.329 GC heap before
{Heap before GC invocations=31 (full 4):
 PSYoungGen      total 264192K, used 240154K [0x00000000e0000000, 0x00000000f2000000, 0x0000000100000000)
  eden space 236032K, 100% used [0x00000000e0000000,0x00000000ee680000,0x00000000ee680000)
  from space 28160K, 14% used [0x00000000f0200000,0x00000000f0606b28,0x00000000f1d80000)
  to   space 28160K, 0% used [0x00000000ee680000,0x00000000ee680000,0x00000000f0200000)
 ParOldGen       total 138240K, used 67132K [0x00000000a0000000, 0x00000000a8700000, 0x00000000e0000000)
  object space 138240K, 48% used [0x00000000a0000000,0x00000000a418f080,0x00000000a8700000)
 Metaspace       used 91218K, capacity 94394K, committed 96216K, reserved 1132544K
  class space    used 11731K, capacity 12422K, committed 12800K, reserved 1048576K
Event: 8687.452 GC heap after
Heap after GC invocations=31 (full 4):
 PSYoungGen      total 264192K, used 4967K [0x00000000e0000000, 0x00000000f5300000, 0x0000000100000000)
  eden space 236032K, 0% used [0x00000000e0000000,0x00000000e0000000,0x00000000ee680000)
  from space 28160K, 17% used [0x00000000ee680000,0x00000000eeb59db8,0x00000000f0200000)
  to   space 27648K, 0% used [0x00000000f3800000,0x00000000f3800000,0x00000000f5300000)
 ParOldGen       total 138240K, used 70151K [0x00000000a0000000, 0x00000000a8700000, 0x00000000e0000000)
  object space 138240K, 50% used [0x00000000a0000000,0x00000000a4481e58,0x00000000a8700000)
 Metaspace       used 91218K, capacity 94394K, committed 96216K, reserved 1132544K
  class space    used 11731K, capacity 12422K, committed 12800K, reserved 1048576K
}
Event: 8689.584 GC heap before
{Heap before GC invocations=32 (full 4):
 PSYoungGen      total 264192K, used 240999K [0x00000000e0000000, 0x00000000f5300000, 0x0000000100000000)
  eden space 236032K, 100% used [0x00000000e0000000,0x00000000ee680000,0x00000000ee680000)
  from space 28160K, 17% used [0x00000000ee680000,0x00000000eeb59db8,0x00000000f0200000)
  to   space 27648K, 0% used [0x00000000f3800000,0x00000000f3800000,0x00000000f5300000)
 ParOldGen       total 138240K, used 70151K [0x00000000a0000000, 0x00000000a8700000, 0x00000000e0000000)
  object space 138240K, 50% used [0x00000000a0000000,0x00000000a4481e58,0x00000000a8700000)
 Metaspace       used 91344K, capacity 94614K, committed 96216K, reserved 1132544K
  class space    used 11735K, capacity 12426K, committed 12800K, reserved 1048576K
Event: 8689.618 GC heap after
Heap after GC invocations=32 (full 4):
 PSYoungGen      total 312320K, used 6437K [0x00000000e0000000, 0x00000000f4e80000, 0x0000000100000000)
  eden space 289280K, 0% used [0x00000000e0000000,0x00000000e0000000,0x00000000f1a80000)
  from space 23040K, 27% used [0x00000000f3800000,0x00000000f3e49518,0x00000000f4e80000)
  to   space 26624K, 0% used [0x00000000f1a80000,0x00000000f1a80000,0x00000000f3480000)
 ParOldGen       total 138240K, used 74428K [0x00000000a0000000, 0x00000000a8700000, 0x00000000e0000000)
  object space 138240K, 53% used [0x00000000a0000000,0x00000000a48af310,0x00000000a8700000)
 Metaspace       used 91344K, capacity 94614K, committed 96216K, reserved 1132544K
  class space    used 11735K, capacity 12426K, committed 12800K, reserved 1048576K
}
Event: 8690.357 GC heap before
{Heap before GC invocations=33 (full 4):
 PSYoungGen      total 312320K, used 295717K [0x00000000e0000000, 0x00000000f4e80000, 0x0000000100000000)
  eden space 289280K, 100% used [0x00000000e0000000,0x00000000f1a80000,0x00000000f1a80000)
  from space 23040K, 27% used [0x00000000f3800000,0x00000000f3e49518,0x00000000f4e80000)
  to   space 26624K, 0% used [0x00000000f1a80000,0x00000000f1a80000,0x00000000f3480000)
 ParOldGen       total 138240K, used 74436K [0x00000000a0000000, 0x00000000a8700000, 0x00000000e0000000)
  object space 138240K, 53% used [0x00000000a0000000,0x00000000a48b13b8,0x00000000a8700000)
 Metaspace       used 91379K, capacity 94614K, committed 96216K, reserved 1132544K
  class space    used 11735K, capacity 12426K, committed 12800K, reserved 1048576K
Event: 8690.369 GC heap after
Heap after GC invocations=33 (full 4):
 PSYoungGen      total 315904K, used 7401K [0x00000000e0000000, 0x00000000f4e80000, 0x0000000100000000)
  eden space 289280K, 0% used [0x00000000e0000000,0x00000000e0000000,0x00000000f1a80000)
  from space 26624K, 27% used [0x00000000f1a80000,0x00000000f21ba650,0x00000000f3480000)
  to   space 23040K, 0% used [0x00000000f3800000,0x00000000f3800000,0x00000000f4e80000)
 ParOldGen       total 138240K, used 76702K [0x00000000a0000000, 0x00000000a8700000, 0x00000000e0000000)
  object space 138240K, 55% used [0x00000000a0000000,0x00000000a4ae7920,0x00000000a8700000)
 Metaspace       used 91379K, capacity 94614K, committed 96216K, reserved 1132544K
  class space    used 11735K, capacity 12426K, committed 12800K, reserved 1048576K
}
Event: 8693.324 GC heap before
{Heap before GC invocations=34 (full 4):
 PSYoungGen      total 315904K, used 296681K [0x00000000e0000000, 0x00000000f4e80000, 0x0000000100000000)
  eden space 289280K, 100% used [0x00000000e0000000,0x00000000f1a80000,0x00000000f1a80000)
  from space 26624K, 27% used [0x00000000f1a80000,0x00000000f21ba650,0x00000000f3480000)
  to   space 23040K, 0% used [0x00000000f3800000,0x00000000f3800000,0x00000000f4e80000)
 ParOldGen       total 138240K, used 76779K [0x00000000a0000000, 0x00000000a8700000, 0x00000000e0000000)
  object space 138240K, 55% used [0x00000000a0000000,0x00000000a4afae00,0x00000000a8700000)
 Metaspace       used 91703K, capacity 95038K, committed 96728K, reserved 1132544K
  class space    used 11754K, capacity 12432K, committed 12800K, reserved 1048576K
Event: 8693.386 GC heap after
Heap after GC invocations=34 (full 4):
 PSYoungGen      total 312320K, used 2360K [0x00000000e0000000, 0x00000000f4e80000, 0x0000000100000000)
  eden space 289280K, 0% used [0x00000000e0000000,0x00000000e0000000,0x00000000f1a80000)
  from space 23040K, 10% used [0x00000000f3800000,0x00000000f3a4e1d8,0x00000000f4e80000)
  to   space 26624K, 0% used [0x00000000f1a80000,0x00000000f1a80000,0x00000000f3480000)
 ParOldGen       total 138240K, used 78029K [0x00000000a0000000, 0x00000000a8700000, 0x00000000e0000000)
  object space 138240K, 56% used [0x00000000a0000000,0x00000000a4c33550,0x00000000a8700000)
 Metaspace       used 91703K, capacity 95038K, committed 96728K, reserved 1132544K
  class space    used 11754K, capacity 12432K, committed 12800K, reserved 1048576K
}
Event: 8701.437 GC heap before
{Heap before GC invocations=35 (full 4):
 PSYoungGen      total 312320K, used 291640K [0x00000000e0000000, 0x00000000f4e80000, 0x0000000100000000)
  eden space 289280K, 100% used [0x00000000e0000000,0x00000000f1a80000,0x00000000f1a80000)
  from space 23040K, 10% used [0x00000000f3800000,0x00000000f3a4e1d8,0x00000000f4e80000)
  to   space 26624K, 0% used [0x00000000f1a80000,0x00000000f1a80000,0x00000000f3480000)
 ParOldGen       total 138240K, used 78029K [0x00000000a0000000, 0x00000000a8700000, 0x00000000e0000000)
  object space 138240K, 56% used [0x00000000a0000000,0x00000000a4c33550,0x00000000a8700000)
 Metaspace       used 99679K, capacity 104538K, committed 104664K, reserved 1140736K
  class space    used 13051K, capacity 13988K, committed 14080K, reserved 1048576K
Event: 8701.716 GC heap after
Heap after GC invocations=35 (full 4):
 PSYoungGen      total 315904K, used 21682K [0x00000000e0000000, 0x00000000f4e80000, 0x0000000100000000)
  eden space 289280K, 0% used [0x00000000e0000000,0x00000000e0000000,0x00000000f1a80000)
  from space 26624K, 81% used [0x00000000f1a80000,0x00000000f2fac920,0x00000000f3480000)
  to   space 23040K, 0% used [0x00000000f3800000,0x00000000f3800000,0x00000000f4e80000)
 ParOldGen       total 138240K, used 79493K [0x00000000a0000000, 0x00000000a8700000, 0x00000000e0000000)
  object space 138240K, 57% used [0x00000000a0000000,0x00000000a4da16e0,0x00000000a8700000)
 Metaspace       used 99679K, capacity 104538K, committed 104664K, reserved 1140736K
  class space    used 13051K, capacity 13988K, committed 14080K, reserved 1048576K
}

