# JRE version: OpenJDK Runtime Environment (8.0_202-b03) (build 1.8.0_202-release-1483-b03)
# Java VM: OpenJDK 64-Bit Server VM (25.202-b03 mixed mode windows-amd64 compressed oops)
Heap:
 PSYoungGen      total 147968K, used 75112K [0x00000000e0000000, 0x00000000eb300000, 0x0000000100000000)
  eden space 132096K, 44% used [0x00000000e0000000,0x00000000e39db0b0,0x00000000e8100000)
  from space 15872K, 99% used [0x00000000e9480000,0x00000000ea3ff0a8,0x00000000ea400000)
  to   space 19968K, 0% used [0x00000000e8100000,0x00000000e8100000,0x00000000e9480000)
 ParOldGen       total 100352K, used 36597K [0x00000000a0000000, 0x00000000a6200000, 0x00000000e0000000)
  object space 100352K, 36% used [0x00000000a0000000,0x00000000a23bd4f0,0x00000000a6200000)
 Metaspace       used 65651K, capacity 68206K, committed 68352K, reserved 1107968K
  class space    used 8916K, capacity 9455K, committed 9472K, reserved 1048576K
GC Heap History (10 events):
Event: 17.763 GC heap before
{Heap before GC invocations=19 (full 2):
 PSYoungGen      total 113152K, used 113149K [0x00000000e0000000, 0x00000000e7c80000, 0x0000000100000000)
  eden space 103936K, 100% used [0x00000000e0000000,0x00000000e6580000,0x00000000e6580000)
  from space 9216K, 99% used [0x00000000e7000000,0x00000000e78ff6b8,0x00000000e7900000)
  to   space 10752K, 0% used [0x00000000e6580000,0x00000000e6580000,0x00000000e7000000)
 ParOldGen       total 61440K, used 26469K [0x00000000a0000000, 0x00000000a3c00000, 0x00000000e0000000)
  object space 61440K, 43% used [0x00000000a0000000,0x00000000a19d94e8,0x00000000a3c00000)
 Metaspace       used 56773K, capacity 58358K, committed 58624K, reserved 1099776K
  class space    used 7751K, capacity 8163K, committed 8192K, reserved 1048576K
Event: 17.843 GC heap after
Heap after GC invocations=19 (full 2):
 PSYoungGen      total 114688K, used 10733K [0x00000000e0000000, 0x00000000e9480000, 0x0000000100000000)
  eden space 103936K, 0% used [0x00000000e0000000,0x00000000e0000000,0x00000000e6580000)
  from space 10752K, 99% used [0x00000000e6580000,0x00000000e6ffb650,0x00000000e7000000)
  to   space 14336K, 0% used [0x00000000e8680000,0x00000000e8680000,0x00000000e9480000)
 ParOldGen       total 61440K, used 31893K [0x00000000a0000000, 0x00000000a3c00000, 0x00000000e0000000)
  object space 61440K, 51% used [0x00000000a0000000,0x00000000a1f25480,0x00000000a3c00000)
 Metaspace       used 56773K, capacity 58358K, committed 58624K, reserved 1099776K
  class space    used 7751K, capacity 8163K, committed 8192K, reserved 1048576K
}
Event: 18.974 GC heap before
{Heap before GC invocations=20 (full 2):
 PSYoungGen      total 114688K, used 23509K [0x00000000e0000000, 0x00000000e9480000, 0x0000000100000000)
  eden space 103936K, 12% used [0x00000000e0000000,0x00000000e0c79db0,0x00000000e6580000)
  from space 10752K, 99% used [0x00000000e6580000,0x00000000e6ffb650,0x00000000e7000000)
  to   space 14336K, 0% used [0x00000000e8680000,0x00000000e8680000,0x00000000e9480000)
 ParOldGen       total 61440K, used 31893K [0x00000000a0000000, 0x00000000a3c00000, 0x00000000e0000000)
  object space 61440K, 51% used [0x00000000a0000000,0x00000000a1f25480,0x00000000a3c00000)
 Metaspace       used 57364K, capacity 59008K, committed 59160K, reserved 1099776K
  class space    used 7823K, capacity 8202K, committed 8320K, reserved 1048576K
Event: 18.984 GC heap after
Heap after GC invocations=20 (full 2):
 PSYoungGen      total 133632K, used 1649K [0x00000000e0000000, 0x00000000e9280000, 0x0000000100000000)
  eden space 121344K, 0% used [0x00000000e0000000,0x00000000e0000000,0x00000000e7680000)
  from space 12288K, 13% used [0x00000000e8680000,0x00000000e881c4a0,0x00000000e9280000)
  to   space 14336K, 0% used [0x00000000e7680000,0x00000000e7680000,0x00000000e8480000)
 ParOldGen       total 61440K, used 42377K [0x00000000a0000000, 0x00000000a3c00000, 0x00000000e0000000)
  object space 61440K, 68% used [0x00000000a0000000,0x00000000a29626c8,0x00000000a3c00000)
 Metaspace       used 57364K, capacity 59008K, committed 59160K, reserved 1099776K
  class space    used 7823K, capacity 8202K, committed 8320K, reserved 1048576K
}
Event: 18.984 GC heap before
{Heap before GC invocations=21 (full 3):
 PSYoungGen      total 133632K, used 1649K [0x00000000e0000000, 0x00000000e9280000, 0x0000000100000000)
  eden space 121344K, 0% used [0x00000000e0000000,0x00000000e0000000,0x00000000e7680000)
  from space 12288K, 13% used [0x00000000e8680000,0x00000000e881c4a0,0x00000000e9280000)
  to   space 14336K, 0% used [0x00000000e7680000,0x00000000e7680000,0x00000000e8480000)
 ParOldGen       total 61440K, used 42377K [0x00000000a0000000, 0x00000000a3c00000, 0x00000000e0000000)
  object space 61440K, 68% used [0x00000000a0000000,0x00000000a29626c8,0x00000000a3c00000)
 Metaspace       used 57364K, capacity 59008K, committed 59160K, reserved 1099776K
  class space    used 7823K, capacity 8202K, committed 8320K, reserved 1048576K
Event: 19.254 GC heap after
Heap after GC invocations=21 (full 3):
 PSYoungGen      total 133632K, used 0K [0x00000000e0000000, 0x00000000e9280000, 0x0000000100000000)
  eden space 121344K, 0% used [0x00000000e0000000,0x00000000e0000000,0x00000000e7680000)
  from space 12288K, 0% used [0x00000000e8680000,0x00000000e8680000,0x00000000e9280000)
  to   space 14336K, 0% used [0x00000000e7680000,0x00000000e7680000,0x00000000e8480000)
 ParOldGen       total 100352K, used 32349K [0x00000000a0000000, 0x00000000a6200000, 0x00000000e0000000)
  object space 100352K, 32% used [0x00000000a0000000,0x00000000a1f97760,0x00000000a6200000)
 Metaspace       used 57364K, capacity 59008K, committed 59160K, reserved 1099776K
  class space    used 7823K, capacity 8202K, committed 8320K, reserved 1048576K
}
Event: 21.283 GC heap before
{Heap before GC invocations=22 (full 3):
 PSYoungGen      total 133632K, used 121344K [0x00000000e0000000, 0x00000000e9280000, 0x0000000100000000)
  eden space 121344K, 100% used [0x00000000e0000000,0x00000000e7680000,0x00000000e7680000)
  from space 12288K, 0% used [0x00000000e8680000,0x00000000e8680000,0x00000000e9280000)
  to   space 14336K, 0% used [0x00000000e7680000,0x00000000e7680000,0x00000000e8480000)
 ParOldGen       total 100352K, used 32349K [0x00000000a0000000, 0x00000000a6200000, 0x00000000e0000000)
  object space 100352K, 32% used [0x00000000a0000000,0x00000000a1f97760,0x00000000a6200000)
 Metaspace       used 61028K, capacity 63286K, committed 63360K, reserved 1103872K
  class space    used 8293K, capacity 8795K, committed 8832K, reserved 1048576K
Event: 21.296 GC heap after
Heap after GC invocations=22 (full 3):
 PSYoungGen      total 135680K, used 12485K [0x00000000e0000000, 0x00000000ea400000, 0x0000000100000000)
  eden space 121344K, 0% used [0x00000000e0000000,0x00000000e0000000,0x00000000e7680000)
  from space 14336K, 87% used [0x00000000e7680000,0x00000000e82b1490,0x00000000e8480000)
  to   space 15872K, 0% used [0x00000000e9480000,0x00000000e9480000,0x00000000ea400000)
 ParOldGen       total 100352K, used 32357K [0x00000000a0000000, 0x00000000a6200000, 0x00000000e0000000)
  object space 100352K, 32% used [0x00000000a0000000,0x00000000a1f99760,0x00000000a6200000)
 Metaspace       used 61028K, capacity 63286K, committed 63360K, reserved 1103872K
  class space    used 8293K, capacity 8795K, committed 8832K, reserved 1048576K
}
Event: 22.399 GC heap before
{Heap before GC invocations=23 (full 3):
 PSYoungGen      total 135680K, used 133829K [0x00000000e0000000, 0x00000000ea400000, 0x0000000100000000)
  eden space 121344K, 100% used [0x00000000e0000000,0x00000000e7680000,0x00000000e7680000)
  from space 14336K, 87% used [0x00000000e7680000,0x00000000e82b1490,0x00000000e8480000)
  to   space 15872K, 0% used [0x00000000e9480000,0x00000000e9480000,0x00000000ea400000)
 ParOldGen       total 100352K, used 32357K [0x00000000a0000000, 0x00000000a6200000, 0x00000000e0000000)
  object space 100352K, 32% used [0x00000000a0000000,0x00000000a1f99760,0x00000000a6200000)
 Metaspace       used 64234K, capacity 66626K, committed 66816K, reserved 1107968K
  class space    used 8714K, capacity 9215K, committed 9216K, reserved 1048576K
Event: 22.477 GC heap after
Heap after GC invocations=23 (full 3):
 PSYoungGen      total 147968K, used 15868K [0x00000000e0000000, 0x00000000eb300000, 0x0000000100000000)
  eden space 132096K, 0% used [0x00000000e0000000,0x00000000e0000000,0x00000000e8100000)
  from space 15872K, 99% used [0x00000000e9480000,0x00000000ea3ff0a8,0x00000000ea400000)
  to   space 19968K, 0% used [0x00000000e8100000,0x00000000e8100000,0x00000000e9480000)
 ParOldGen       total 100352K, used 36597K [0x00000000a0000000, 0x00000000a6200000, 0x00000000e0000000)
  object space 100352K, 36% used [0x00000000a0000000,0x00000000a23bd4f0,0x00000000a6200000)
 Metaspace       used 64234K, capacity 66626K, committed 66816K, reserved 1107968K
  class space    used 8714K, capacity 9215K, committed 9216K, reserved 1048576K
}

